<?xml version="1.0" encoding="UTF-8"?>
<testsuite name="spring_practice.spring_practice.service.MemberServiceTest" tests="1" skipped="0" failures="0" errors="0" timestamp="2023-02-03T00:16:35" hostname="hanseung-gyuui-MacBookPro.local" time="0.009">
  <properties/>
  <testcase name="join()" classname="spring_practice.spring_practice.service.MemberServiceTest" time="0.009"/>
  <system-out><![CDATA[]]></system-out>
  <system-err><![CDATA[]]></system-err>
</testsuite>
