<?xml version="1.0" encoding="UTF-8"?>
<testsuite name="service.MemberServiceTest" tests="1" skipped="0" failures="0" errors="0" timestamp="2023-02-01T03:49:11" hostname="hanseung-gyuui-MacBookPro.local" time="0.008">
  <properties/>
  <testcase name="join()" classname="service.MemberServiceTest" time="0.008"/>
  <system-out><![CDATA[]]></system-out>
  <system-err><![CDATA[]]></system-err>
</testsuite>
