<?xml version="1.0" encoding="UTF-8"?>
<testsuite name="hello.servlet.domain.student.StudentRepositoryTest" tests="1" skipped="0" failures="0" errors="0" timestamp="2023-03-28T04:46:19" hostname="hanseung-gyuui-MacBookPro.local" time="0.03">
  <properties/>
  <testcase name="findAll()" classname="hello.servlet.domain.student.StudentRepositoryTest" time="0.03"/>
  <system-out><![CDATA[]]></system-out>
  <system-err><![CDATA[]]></system-err>
</testsuite>
